Logfile initialized
[INFO] logfile = /Users/tpoulsen/Documents/Titanium Studio Workspace/BarCamp/build.log
[DEBUG] /Library/Application Support/Titanium/mobilesdk/osx/1.7.3/android/builder.py simulator BarCamp /android-sdk /Users/tpoulsen/Documents/Titanium Studio Workspace/BarCamp com.skypanther 6 WVGA854 
[INFO] Building BarCamp for Android ... one moment
[INFO] Titanium SDK version: 1.7.3 (10/17/11 13:44 dcf4257)
[DEBUG] Waiting for device to be ready ...
[TRACE] adb devices returned 1 devices/emulators
[TRACE] adb devices returned 1 devices/emulators
[TRACE] adb devices returned 1 devices/emulators
[DEBUG] Device connected... (waited 10 seconds)
[DEBUG] waited 10.026523 seconds on emulator to get ready
[INFO] Waiting for the Android Emulator to become available
[DEBUG] com.skypanther installed? True
[INFO] Fastdev server running, deploying in Fastdev mode
[INFO] Copying project resources..
[TRACE] COPYING MODIFIED FILE: /Users/tpoulsen/Documents/Titanium Studio Workspace/BarCamp/Resources/app.js => /Users/tpoulsen/Documents/Titanium Studio Workspace/BarCamp/build/android/bin/assets/Resources/app.js
[INFO] Tiapp.xml unchanged, skipping class generation
[DEBUG] Processing Android resource drawables
[DEBUG] found drawable-long-land-hdpi splash screen at /Users/tpoulsen/Documents/Titanium Studio Workspace/BarCamp/Resources/android/images/res-long-land-hdpi/default.png
[DEBUG] found drawable-long-land-ldpi splash screen at /Users/tpoulsen/Documents/Titanium Studio Workspace/BarCamp/Resources/android/images/res-long-land-ldpi/default.png
[DEBUG] found drawable-long-port-hdpi splash screen at /Users/tpoulsen/Documents/Titanium Studio Workspace/BarCamp/Resources/android/images/res-long-port-hdpi/default.png
[DEBUG] found drawable-long-port-ldpi splash screen at /Users/tpoulsen/Documents/Titanium Studio Workspace/BarCamp/Resources/android/images/res-long-port-ldpi/default.png
[DEBUG] found drawable-notlong-land-hdpi splash screen at /Users/tpoulsen/Documents/Titanium Studio Workspace/BarCamp/Resources/android/images/res-notlong-land-hdpi/default.png
[DEBUG] found drawable-notlong-land-ldpi splash screen at /Users/tpoulsen/Documents/Titanium Studio Workspace/BarCamp/Resources/android/images/res-notlong-land-ldpi/default.png
[DEBUG] found drawable-notlong-land-mdpi splash screen at /Users/tpoulsen/Documents/Titanium Studio Workspace/BarCamp/Resources/android/images/res-notlong-land-mdpi/default.png
[DEBUG] found drawable-notlong-port-hdpi splash screen at /Users/tpoulsen/Documents/Titanium Studio Workspace/BarCamp/Resources/android/images/res-notlong-port-hdpi/default.png
[DEBUG] found drawable-notlong-port-ldpi splash screen at /Users/tpoulsen/Documents/Titanium Studio Workspace/BarCamp/Resources/android/images/res-notlong-port-ldpi/default.png
[DEBUG] found drawable-notlong-port-mdpi splash screen at /Users/tpoulsen/Documents/Titanium Studio Workspace/BarCamp/Resources/android/images/res-notlong-port-mdpi/default.png
[INFO] Waiting for SDCard to become available..
[INFO] Re-launching application ... BarCamp
[INFO] Launching application ... BarCamp
[TRACE] Launch output: Starting: Intent { act=android.intent.action.MAIN cat=[android.intent.category.LAUNCHER] cmp=com.skypanther/.BarcampActivity }

[INFO] Android Emulator has exited
